Info: Starting: Create block symbol file (.bsf)
Info: qsys-generate C:\Users\Jas1284\Documents\ECE385\FINALPROJ\FPSP23-ZF-BASIC\ZFsoc.qsys --block-symbol-file --output-directory=C:\Users\Jas1284\Documents\ECE385\FINALPROJ\FPSP23-ZF-BASIC\ZFsoc --family="MAX 10" --part=10M50DAF484C7G
Progress: Loading FPSP23-ZF-BASIC/ZFsoc.qsys
Progress: Reading input file
Progress: Adding bridge_0 [altera_up_external_bus_to_avalon_bridge 18.0]
Progress: Parameterizing module bridge_0
Progress: Adding button [altera_avalon_pio 18.1]
Progress: Parameterizing module button
Progress: Adding clk_0 [clock_source 18.1]
Progress: Parameterizing module clk_0
Progress: Adding led [altera_avalon_pio 18.1]
Progress: Parameterizing module led
Progress: Adding nios2_gen2_0 [altera_nios2_gen2 18.1]
Progress: Parameterizing module nios2_gen2_0
Progress: Adding onchip_memory2_0 [altera_avalon_onchip_memory2 18.1]
Progress: Parameterizing module onchip_memory2_0
Progress: Adding sdram [altera_avalon_new_sdram_controller 18.1]
Progress: Parameterizing module sdram
Progress: Adding sdram_pll [altpll 18.1]
Progress: Parameterizing module sdram_pll
Progress: Adding switch [altera_avalon_pio 18.1]
Progress: Parameterizing module switch
Progress: Adding sysid_qsys_0 [altera_avalon_sysid_qsys 18.1]
Progress: Parameterizing module sysid_qsys_0
Progress: Building connections
Progress: Parameterizing connections
Progress: Validating
Progress: Done reading input file
Info: ZFsoc.button: PIO inputs are not hardwired in test bench. Undefined values will be read from PIO inputs during simulation.
Info: ZFsoc.sdram: SDRAM Controller will only be supported in Quartus Prime Standard Edition in the future release.
Info: ZFsoc.switch: PIO inputs are not hardwired in test bench. Undefined values will be read from PIO inputs during simulation.
Info: ZFsoc.sysid_qsys_0: System ID is not assigned automatically. Edit the System ID parameter to provide a unique ID
Info: ZFsoc.sysid_qsys_0: Time stamp will be automatically updated when this component is generated.
Info: qsys-generate succeeded.
Info: Finished: Create block symbol file (.bsf)
Info: 
Info: Starting: Create HDL design files for synthesis
Info: qsys-generate C:\Users\Jas1284\Documents\ECE385\FINALPROJ\FPSP23-ZF-BASIC\ZFsoc.qsys --synthesis=VERILOG --output-directory=C:\Users\Jas1284\Documents\ECE385\FINALPROJ\FPSP23-ZF-BASIC\ZFsoc\synthesis --family="MAX 10" --part=10M50DAF484C7G
Progress: Loading FPSP23-ZF-BASIC/ZFsoc.qsys
Progress: Reading input file
Progress: Adding bridge_0 [altera_up_external_bus_to_avalon_bridge 18.0]
Progress: Parameterizing module bridge_0
Progress: Adding button [altera_avalon_pio 18.1]
Progress: Parameterizing module button
Progress: Adding clk_0 [clock_source 18.1]
Progress: Parameterizing module clk_0
Progress: Adding led [altera_avalon_pio 18.1]
Progress: Parameterizing module led
Progress: Adding nios2_gen2_0 [altera_nios2_gen2 18.1]
Progress: Parameterizing module nios2_gen2_0
Progress: Adding onchip_memory2_0 [altera_avalon_onchip_memory2 18.1]
Progress: Parameterizing module onchip_memory2_0
Progress: Adding sdram [altera_avalon_new_sdram_controller 18.1]
Progress: Parameterizing module sdram
Progress: Adding sdram_pll [altpll 18.1]
Progress: Parameterizing module sdram_pll
Progress: Adding switch [altera_avalon_pio 18.1]
Progress: Parameterizing module switch
Progress: Adding sysid_qsys_0 [altera_avalon_sysid_qsys 18.1]
Progress: Parameterizing module sysid_qsys_0
Progress: Building connections
Progress: Parameterizing connections
Progress: Validating
Progress: Done reading input file
Info: ZFsoc.button: PIO inputs are not hardwired in test bench. Undefined values will be read from PIO inputs during simulation.
Info: ZFsoc.sdram: SDRAM Controller will only be supported in Quartus Prime Standard Edition in the future release.
Info: ZFsoc.switch: PIO inputs are not hardwired in test bench. Undefined values will be read from PIO inputs during simulation.
Info: ZFsoc.sysid_qsys_0: System ID is not assigned automatically. Edit the System ID parameter to provide a unique ID
Info: ZFsoc.sysid_qsys_0: Time stamp will be automatically updated when this component is generated.
Info: ZFsoc: Generating ZFsoc "ZFsoc" for QUARTUS_SYNTH
Info: Interconnect is inserted between master bridge_0.avalon_master and slave sdram.s1 because the master has address signal 26 bit wide, but the slave is 25 bit wide.
Info: Interconnect is inserted between master bridge_0.avalon_master and slave sdram.s1 because they have different clock source.
Info: Inserting clock-crossing logic between cmd_demux.src0 and cmd_mux.sink0
Info: Inserting clock-crossing logic between rsp_demux.src0 and rsp_mux.sink0
Info: bridge_0: Starting Generation of External Bus to Avalon Bridge
Info: bridge_0: "ZFsoc" instantiated altera_up_external_bus_to_avalon_bridge "bridge_0"
Info: button: Starting RTL generation for module 'ZFsoc_button'
Info: button:   Generation command is [exec C:/intelfpga_lite/18.1/quartus/bin64/perl/bin/perl.exe -I C:/intelfpga_lite/18.1/quartus/bin64/perl/lib -I C:/intelfpga_lite/18.1/quartus/sopc_builder/bin/europa -I C:/intelfpga_lite/18.1/quartus/sopc_builder/bin/perl_lib -I C:/intelfpga_lite/18.1/quartus/sopc_builder/bin -I C:/intelfpga_lite/18.1/quartus/../ip/altera/sopc_builder_ip/common -I C:/intelfpga_lite/18.1/quartus/../ip/altera/sopc_builder_ip/altera_avalon_pio -- C:/intelfpga_lite/18.1/quartus/../ip/altera/sopc_builder_ip/altera_avalon_pio/generate_rtl.pl --name=ZFsoc_button --dir=C:/Users/Jas1284/AppData/Local/Temp/alt9459_1034326413490620082.dir/0003_button_gen/ --quartus_dir=C:/intelfpga_lite/18.1/quartus --verilog --config=C:/Users/Jas1284/AppData/Local/Temp/alt9459_1034326413490620082.dir/0003_button_gen//ZFsoc_button_component_configuration.pl  --do_build_sim=0  ]
Info: button: Done RTL generation for module 'ZFsoc_button'
Info: button: "ZFsoc" instantiated altera_avalon_pio "button"
Info: led: Starting RTL generation for module 'ZFsoc_led'
Info: led:   Generation command is [exec C:/intelfpga_lite/18.1/quartus/bin64/perl/bin/perl.exe -I C:/intelfpga_lite/18.1/quartus/bin64/perl/lib -I C:/intelfpga_lite/18.1/quartus/sopc_builder/bin/europa -I C:/intelfpga_lite/18.1/quartus/sopc_builder/bin/perl_lib -I C:/intelfpga_lite/18.1/quartus/sopc_builder/bin -I C:/intelfpga_lite/18.1/quartus/../ip/altera/sopc_builder_ip/common -I C:/intelfpga_lite/18.1/quartus/../ip/altera/sopc_builder_ip/altera_avalon_pio -- C:/intelfpga_lite/18.1/quartus/../ip/altera/sopc_builder_ip/altera_avalon_pio/generate_rtl.pl --name=ZFsoc_led --dir=C:/Users/Jas1284/AppData/Local/Temp/alt9459_1034326413490620082.dir/0004_led_gen/ --quartus_dir=C:/intelfpga_lite/18.1/quartus --verilog --config=C:/Users/Jas1284/AppData/Local/Temp/alt9459_1034326413490620082.dir/0004_led_gen//ZFsoc_led_component_configuration.pl  --do_build_sim=0  ]
Info: led: Done RTL generation for module 'ZFsoc_led'
Info: led: "ZFsoc" instantiated altera_avalon_pio "led"
Info: nios2_gen2_0: "ZFsoc" instantiated altera_nios2_gen2 "nios2_gen2_0"
Info: onchip_memory2_0: Starting RTL generation for module 'ZFsoc_onchip_memory2_0'
Info: onchip_memory2_0:   Generation command is [exec C:/intelfpga_lite/18.1/quartus/bin64/perl/bin/perl.exe -I C:/intelfpga_lite/18.1/quartus/bin64/perl/lib -I C:/intelfpga_lite/18.1/quartus/sopc_builder/bin/europa -I C:/intelfpga_lite/18.1/quartus/sopc_builder/bin/perl_lib -I C:/intelfpga_lite/18.1/quartus/sopc_builder/bin -I C:/intelfpga_lite/18.1/quartus/../ip/altera/sopc_builder_ip/common -I C:/intelfpga_lite/18.1/quartus/../ip/altera/sopc_builder_ip/altera_avalon_onchip_memory2 -- C:/intelfpga_lite/18.1/quartus/../ip/altera/sopc_builder_ip/altera_avalon_onchip_memory2/generate_rtl.pl --name=ZFsoc_onchip_memory2_0 --dir=C:/Users/Jas1284/AppData/Local/Temp/alt9459_1034326413490620082.dir/0005_onchip_memory2_0_gen/ --quartus_dir=C:/intelfpga_lite/18.1/quartus --verilog --config=C:/Users/Jas1284/AppData/Local/Temp/alt9459_1034326413490620082.dir/0005_onchip_memory2_0_gen//ZFsoc_onchip_memory2_0_component_configuration.pl  --do_build_sim=0  ]
Info: onchip_memory2_0: Done RTL generation for module 'ZFsoc_onchip_memory2_0'
Info: onchip_memory2_0: "ZFsoc" instantiated altera_avalon_onchip_memory2 "onchip_memory2_0"
Info: sdram: Starting RTL generation for module 'ZFsoc_sdram'
Info: sdram:   Generation command is [exec C:/intelfpga_lite/18.1/quartus/bin64/perl/bin/perl.exe -I C:/intelfpga_lite/18.1/quartus/bin64/perl/lib -I C:/intelfpga_lite/18.1/quartus/sopc_builder/bin/europa -I C:/intelfpga_lite/18.1/quartus/sopc_builder/bin/perl_lib -I C:/intelfpga_lite/18.1/quartus/sopc_builder/bin -I C:/intelfpga_lite/18.1/quartus/../ip/altera/sopc_builder_ip/common -I C:/intelfpga_lite/18.1/quartus/../ip/altera/sopc_builder_ip/altera_avalon_new_sdram_controller -- C:/intelfpga_lite/18.1/quartus/../ip/altera/sopc_builder_ip/altera_avalon_new_sdram_controller/generate_rtl.pl --name=ZFsoc_sdram --dir=C:/Users/Jas1284/AppData/Local/Temp/alt9459_1034326413490620082.dir/0006_sdram_gen/ --quartus_dir=C:/intelfpga_lite/18.1/quartus --verilog --config=C:/Users/Jas1284/AppData/Local/Temp/alt9459_1034326413490620082.dir/0006_sdram_gen//ZFsoc_sdram_component_configuration.pl  --do_build_sim=0  ]
Info: sdram: Done RTL generation for module 'ZFsoc_sdram'
Info: sdram: "ZFsoc" instantiated altera_avalon_new_sdram_controller "sdram"
Info: sdram_pll: "ZFsoc" instantiated altpll "sdram_pll"
Info: switch: Starting RTL generation for module 'ZFsoc_switch'
Info: switch:   Generation command is [exec C:/intelfpga_lite/18.1/quartus/bin64/perl/bin/perl.exe -I C:/intelfpga_lite/18.1/quartus/bin64/perl/lib -I C:/intelfpga_lite/18.1/quartus/sopc_builder/bin/europa -I C:/intelfpga_lite/18.1/quartus/sopc_builder/bin/perl_lib -I C:/intelfpga_lite/18.1/quartus/sopc_builder/bin -I C:/intelfpga_lite/18.1/quartus/../ip/altera/sopc_builder_ip/common -I C:/intelfpga_lite/18.1/quartus/../ip/altera/sopc_builder_ip/altera_avalon_pio -- C:/intelfpga_lite/18.1/quartus/../ip/altera/sopc_builder_ip/altera_avalon_pio/generate_rtl.pl --name=ZFsoc_switch --dir=C:/Users/Jas1284/AppData/Local/Temp/alt9459_1034326413490620082.dir/0009_switch_gen/ --quartus_dir=C:/intelfpga_lite/18.1/quartus --verilog --config=C:/Users/Jas1284/AppData/Local/Temp/alt9459_1034326413490620082.dir/0009_switch_gen//ZFsoc_switch_component_configuration.pl  --do_build_sim=0  ]
Info: switch: Done RTL generation for module 'ZFsoc_switch'
Info: switch: "ZFsoc" instantiated altera_avalon_pio "switch"
Info: sysid_qsys_0: "ZFsoc" instantiated altera_avalon_sysid_qsys "sysid_qsys_0"
Info: avalon_st_adapter: Inserting error_adapter: error_adapter_0
Info: mm_interconnect_0: "ZFsoc" instantiated altera_mm_interconnect "mm_interconnect_0"
Info: avalon_st_adapter: Inserting error_adapter: error_adapter_0
Info: avalon_st_adapter_001: Inserting error_adapter: error_adapter_0
Info: avalon_st_adapter_002: Inserting error_adapter: error_adapter_0
Info: avalon_st_adapter_003: Inserting error_adapter: error_adapter_0
Info: avalon_st_adapter_004: Inserting error_adapter: error_adapter_0
Info: avalon_st_adapter_005: Inserting error_adapter: error_adapter_0
Info: avalon_st_adapter_006: Inserting error_adapter: error_adapter_0
Info: mm_interconnect_1: "ZFsoc" instantiated altera_mm_interconnect "mm_interconnect_1"
Info: irq_mapper: "ZFsoc" instantiated altera_irq_mapper "irq_mapper"
Info: rst_controller: "ZFsoc" instantiated altera_reset_controller "rst_controller"
Info: cpu: Starting RTL generation for module 'ZFsoc_nios2_gen2_0_cpu'
Info: cpu:   Generation command is [exec C:/intelFPGA_lite/18.1/quartus/bin64//eperlcmd.exe -I C:/intelFPGA_lite/18.1/quartus/bin64//perl/lib -I C:/intelfpga_lite/18.1/quartus/sopc_builder/bin/europa -I C:/intelfpga_lite/18.1/quartus/sopc_builder/bin/perl_lib -I C:/intelfpga_lite/18.1/quartus/sopc_builder/bin -I C:/intelfpga_lite/18.1/quartus/../ip/altera/nios2_ip/altera_nios2_gen2/cpu_lib -I C:/intelfpga_lite/18.1/quartus/../ip/altera/nios2_ip/altera_nios2_gen2/nios_lib -I C:/intelfpga_lite/18.1/quartus/../ip/altera/nios2_ip/altera_nios2_gen2 -I C:/intelfpga_lite/18.1/quartus/../ip/altera/nios2_ip/altera_nios2_gen2 -- C:/intelfpga_lite/18.1/quartus/../ip/altera/nios2_ip/altera_nios2_gen2/generate_rtl.epl --name=ZFsoc_nios2_gen2_0_cpu --dir=C:/Users/Jas1284/AppData/Local/Temp/alt9459_1034326413490620082.dir/0013_cpu_gen/ --quartus_bindir=C:/intelFPGA_lite/18.1/quartus/bin64/ --verilog --config=C:/Users/Jas1284/AppData/Local/Temp/alt9459_1034326413490620082.dir/0013_cpu_gen//ZFsoc_nios2_gen2_0_cpu_processor_configuration.pl  --do_build_sim=0  ]
Info: cpu: # 2023.04.12 16:49:07 (*) Starting Nios II generation
Info: cpu: # 2023.04.12 16:49:07 (*)   Checking for plaintext license.
Info: cpu: # 2023.04.12 16:49:08 (*)   Couldn't query license setup in Quartus directory C:/intelFPGA_lite/18.1/quartus/bin64/
Info: cpu: # 2023.04.12 16:49:08 (*)   Defaulting to contents of LM_LICENSE_FILE environment variable
Info: cpu: # 2023.04.12 16:49:08 (*)   LM_LICENSE_FILE environment variable is empty
Info: cpu: # 2023.04.12 16:49:08 (*)   Plaintext license not found.
Info: cpu: # 2023.04.12 16:49:08 (*)   No license required to generate encrypted Nios II/e.
Info: cpu: # 2023.04.12 16:49:08 (*)   Elaborating CPU configuration settings
Info: cpu: # 2023.04.12 16:49:08 (*)   Creating all objects for CPU
Info: cpu: # 2023.04.12 16:49:09 (*)   Generating RTL from CPU objects
Info: cpu: # 2023.04.12 16:49:09 (*)   Creating plain-text RTL
Info: cpu: # 2023.04.12 16:49:10 (*) Done Nios II generation
Info: cpu: Done RTL generation for module 'ZFsoc_nios2_gen2_0_cpu'
Info: cpu: "nios2_gen2_0" instantiated altera_nios2_gen2_unit "cpu"
Info: bridge_0_avalon_master_translator: "mm_interconnect_0" instantiated altera_merlin_master_translator "bridge_0_avalon_master_translator"
Info: sdram_s1_translator: "mm_interconnect_0" instantiated altera_merlin_slave_translator "sdram_s1_translator"
Info: bridge_0_avalon_master_agent: "mm_interconnect_0" instantiated altera_merlin_master_agent "bridge_0_avalon_master_agent"
Info: sdram_s1_agent: "mm_interconnect_0" instantiated altera_merlin_slave_agent "sdram_s1_agent"
Info: sdram_s1_agent_rsp_fifo: "mm_interconnect_0" instantiated altera_avalon_sc_fifo "sdram_s1_agent_rsp_fifo"
Info: router: "mm_interconnect_0" instantiated altera_merlin_router "router"
Info: router_001: "mm_interconnect_0" instantiated altera_merlin_router "router_001"
Info: cmd_demux: "mm_interconnect_0" instantiated altera_merlin_demultiplexer "cmd_demux"
Info: cmd_mux: "mm_interconnect_0" instantiated altera_merlin_multiplexer "cmd_mux"
Info: rsp_mux: "mm_interconnect_0" instantiated altera_merlin_multiplexer "rsp_mux"
Info: Reusing file C:/Users/Jas1284/Documents/ECE385/FINALPROJ/FPSP23-ZF-BASIC/ZFsoc/synthesis/submodules/altera_merlin_arbitrator.sv
Info: crosser: "mm_interconnect_0" instantiated altera_avalon_st_handshake_clock_crosser "crosser"
Info: avalon_st_adapter: "mm_interconnect_0" instantiated altera_avalon_st_adapter "avalon_st_adapter"
Info: router: "mm_interconnect_1" instantiated altera_merlin_router "router"
Info: router_002: "mm_interconnect_1" instantiated altera_merlin_router "router_002"
Info: cmd_demux: "mm_interconnect_1" instantiated altera_merlin_demultiplexer "cmd_demux"
Info: cmd_mux: "mm_interconnect_1" instantiated altera_merlin_multiplexer "cmd_mux"
Info: Reusing file C:/Users/Jas1284/Documents/ECE385/FINALPROJ/FPSP23-ZF-BASIC/ZFsoc/synthesis/submodules/altera_merlin_arbitrator.sv
Info: rsp_demux: "mm_interconnect_1" instantiated altera_merlin_demultiplexer "rsp_demux"
Info: rsp_mux: "mm_interconnect_1" instantiated altera_merlin_multiplexer "rsp_mux"
Info: Reusing file C:/Users/Jas1284/Documents/ECE385/FINALPROJ/FPSP23-ZF-BASIC/ZFsoc/synthesis/submodules/altera_merlin_arbitrator.sv
Info: avalon_st_adapter: "mm_interconnect_1" instantiated altera_avalon_st_adapter "avalon_st_adapter"
Info: error_adapter_0: "avalon_st_adapter" instantiated error_adapter "error_adapter_0"
Info: error_adapter_0: "avalon_st_adapter" instantiated error_adapter "error_adapter_0"
Info: ZFsoc: Done "ZFsoc" with 36 modules, 53 files
Info: qsys-generate succeeded.
Info: Finished: Create HDL design files for synthesis
